{"name": "test_case_01", "status": "failed", "statusDetails": {"message": "AssertionError: assert 0", "trace": "@allure.feature('test_module_01')\n    def test_case_01():\n        \"\"\"\n        用例描述：Test case 01\n        \"\"\"\n>       assert 0\nE       assert 0\n\ntest_demo04.py:11: AssertionError"}, "description": "\n    用例描述：Test case 01\n    ", "start": 1617635978144, "stop": 1617635978145, "uuid": "76824bd6-5bd3-4079-9e71-8331e5183e75", "historyId": "088d69002553409bc900450c1548b673", "testCaseId": "caf5b05ac03f48259d4b1972d496ab05", "fullName": "test_demo04#test_case_01", "labels": [{"name": "feature", "value": "test_module_01"}, {"name": "suite", "value": "test_demo04"}, {"name": "host", "value": "wl-bj-baiy25"}, {"name": "thread", "value": "9472-MainThread"}, {"name": "framework", "value": "pytest"}, {"name": "language", "value": "cpython3"}, {"name": "package", "value": "test_demo04"}]}